<?xml version="1.0" encoding="UTF-8"?>
<!-- Generated by org.testng.reporters.JUnitReportReporter -->
<testsuite skipped="0" hostname="DESKTOP-803K56V" name="com.OrangeHRM.testCases.TC001_LoginTest" tests="1" failures="0" timestamp="10 Aug 2022 01:11:44 GMT" time="2.305" errors="0">
  <testcase name="loginTest" time="2.305" classname="com.OrangeHRM.testCases.TC001_LoginTest"/>
</testsuite> <!-- com.OrangeHRM.testCases.TC001_LoginTest -->
